{
  "stats": {
    "suites": 12,
    "tests": 41,
    "passes": 23,
    "pending": 0,
    "failures": 18,
    "start": "2021-06-01T21:29:07.478Z",
    "end": "2021-06-01T21:30:45.267Z",
    "duration": 97789,
    "testsRegistered": 41,
    "passPercent": 56.09756097560976,
    "pendingPercent": 0,
    "other": 0,
    "hasOther": false,
    "skipped": 0,
    "hasSkipped": false
  },
  "results": [
    {
      "uuid": "a58aea46-dcca-44fe-8c67-a1b0c45f22e9",
      "title": "",
      "fullFile": "cypress/integration/project.spec.js",
      "file": "cypress/integration/project.spec.js",
      "beforeHooks": [],
      "afterHooks": [],
      "tests": [],
      "suites": [
        {
          "uuid": "99c5ee63-ca55-4b7d-af47-12d6f17f0976",
          "title": "1 - Adicione à página o título \"Paleta de Cores\".",
          "fullFile": "",
          "file": "",
          "beforeHooks": [],
          "afterHooks": [],
          "tests": [
            {
              "title": "Verifica se contém um elemento `h1` com o id `title` com o título correto",
              "fullTitle": "1 - Adicione à página o título \"Paleta de Cores\". Verifica se contém um elemento `h1` com o id `title` com o título correto",
              "timedOut": null,
              "duration": 164,
              "state": "passed",
              "speed": "slow",
              "pass": true,
              "fail": false,
              "pending": false,
              "context": null,
              "code": "cy.get('h1#title').should('contain.text', 'Paleta de Cores');",
              "err": {},
              "uuid": "aff2f10a-b8b6-45ad-b867-a60f01021336",
              "parentUUID": "99c5ee63-ca55-4b7d-af47-12d6f17f0976",
              "isHook": false,
              "skipped": false
            }
          ],
          "suites": [],
          "passes": [
            "aff2f10a-b8b6-45ad-b867-a60f01021336"
          ],
          "failures": [],
          "pending": [],
          "skipped": [],
          "duration": 164,
          "root": false,
          "rootEmpty": false,
          "_timeout": 2000
        },
        {
          "uuid": "e39fad1e-76d3-4008-940f-1bdbc7963e4b",
          "title": "2 - Adicione à página uma paleta de quatro cores distintas.",
          "fullFile": "",
          "file": "",
          "beforeHooks": [],
          "afterHooks": [],
          "tests": [
            {
              "title": "A paleta de cores deve ser um elemento com `id` denominado `color-palette`",
              "fullTitle": "2 - Adicione à página uma paleta de quatro cores distintas. A paleta de cores deve ser um elemento com `id` denominado `color-palette`",
              "timedOut": null,
              "duration": 92,
              "state": "passed",
              "speed": "slow",
              "pass": true,
              "fail": false,
              "pending": false,
              "context": null,
              "code": "cy.get('#color-palette').should('be.visible');",
              "err": {},
              "uuid": "fc5d8183-52df-4ce7-96e5-bbc459c40e8b",
              "parentUUID": "e39fad1e-76d3-4008-940f-1bdbc7963e4b",
              "isHook": false,
              "skipped": false
            },
            {
              "title": "Verifica se cada cor individual da paleta de cores possui a `classe` chamada `color`.",
              "fullTitle": "2 - Adicione à página uma paleta de quatro cores distintas. Verifica se cada cor individual da paleta de cores possui a `classe` chamada `color`.",
              "timedOut": null,
              "duration": 162,
              "state": "passed",
              "speed": "slow",
              "pass": true,
              "fail": false,
              "pending": false,
              "context": null,
              "code": "cy.get('.color').should('have.length', 4).then(function (colors) {\n  for (var i = 0; i < colors.length; i++) {\n    cy.wrap(colors[i]).should('be.visible');\n  }\n});",
              "err": {},
              "uuid": "fcf429db-040d-49a8-bff0-bc63041ca1cf",
              "parentUUID": "e39fad1e-76d3-4008-940f-1bdbc7963e4b",
              "isHook": false,
              "skipped": false
            },
            {
              "title": "Verifica se a cor de fundo de cada elemento da paleta é a cor que o elemento representa. **A única cor não permitida na paleta é a cor branca.**",
              "fullTitle": "2 - Adicione à página uma paleta de quatro cores distintas. Verifica se a cor de fundo de cada elemento da paleta é a cor que o elemento representa. **A única cor não permitida na paleta é a cor branca.**",
              "timedOut": null,
              "duration": 150,
              "state": "passed",
              "speed": "slow",
              "pass": true,
              "fail": false,
              "pending": false,
              "context": null,
              "code": "cy.get('.color').each(function (color) {\n  cy.wrap(color).should('have.class', 'color').and('not.have.css', 'background-color', WHITE);\n  cy.wrap(color).should('have.css', 'background-color');\n});",
              "err": {},
              "uuid": "e88aae1c-8d83-4b00-97ad-506418c20218",
              "parentUUID": "e39fad1e-76d3-4008-940f-1bdbc7963e4b",
              "isHook": false,
              "skipped": false
            },
            {
              "title": "Verifica se cada elemento da paleta de cores tem uma borda preta, sólida e com 1 pixel de largura;",
              "fullTitle": "2 - Adicione à página uma paleta de quatro cores distintas. Verifica se cada elemento da paleta de cores tem uma borda preta, sólida e com 1 pixel de largura;",
              "timedOut": null,
              "duration": 143,
              "state": "passed",
              "speed": "slow",
              "pass": true,
              "fail": false,
              "pending": false,
              "context": null,
              "code": "cy.get('.color').each(function (color) {\n  cy.wrap(color).and('have.css', 'border', \"1px solid \".concat(BLACK)).and('have.class', 'color');\n});",
              "err": {},
              "uuid": "afe80aa2-f9b1-47e6-9548-64820d31f502",
              "parentUUID": "e39fad1e-76d3-4008-940f-1bdbc7963e4b",
              "isHook": false,
              "skipped": false
            },
            {
              "title": "Verifica se a paleta lista todas as cores disponíveis para utilização, lado a lado.",
              "fullTitle": "2 - Adicione à página uma paleta de quatro cores distintas. Verifica se a paleta lista todas as cores disponíveis para utilização, lado a lado.",
              "timedOut": null,
              "duration": 184,
              "state": "passed",
              "speed": "slow",
              "pass": true,
              "fail": false,
              "pending": false,
              "context": null,
              "code": "cy.get('.color').then(function (colors) {\n  for (var index = 1; index < colors.length; index += 1) {\n    var currentColor = colors[index];\n    var previousColor = colors[index - 1];\n    cy.wrap(currentColor).should('be.onTheRightOf', previousColor).and('be.horizontallyAlignedWith', previousColor);\n  }\n});",
              "err": {},
              "uuid": "be9d3116-5cab-4293-8a5a-d72b54eb3a9a",
              "parentUUID": "e39fad1e-76d3-4008-940f-1bdbc7963e4b",
              "isHook": false,
              "skipped": false
            },
            {
              "title": "Verifica se a paleta de cores está posicionada abaixo do título 'Paleta de Cores'",
              "fullTitle": "2 - Adicione à página uma paleta de quatro cores distintas. Verifica se a paleta de cores está posicionada abaixo do título 'Paleta de Cores'",
              "timedOut": null,
              "duration": 94,
              "state": "passed",
              "speed": "slow",
              "pass": true,
              "fail": false,
              "pending": false,
              "context": null,
              "code": "cy.get('h1#title').then(function (title) {\n  cy.get('#color-palette').should('be.belowOf', title);\n});",
              "err": {},
              "uuid": "0ee05863-9cfd-495a-b81d-b108d81fcfd7",
              "parentUUID": "e39fad1e-76d3-4008-940f-1bdbc7963e4b",
              "isHook": false,
              "skipped": false
            },
            {
              "title": "Verifica se a paleta de cores não contém cores repetidas.",
              "fullTitle": "2 - Adicione à página uma paleta de quatro cores distintas. Verifica se a paleta de cores não contém cores repetidas.",
              "timedOut": null,
              "duration": 107,
              "state": "passed",
              "speed": "slow",
              "pass": true,
              "fail": false,
              "pending": false,
              "context": null,
              "code": "cy.get('.color').then(function (colors) {\n  var allColors = Array.from(colors).map(function (color) {\n    return Cypress.$(color).css('background-color');\n  });\n  cy.log(allColors);\n  var uniqColors = (0, _toConsumableArray2[\"default\"])(new Set(allColors));\n  cy.log(uniqColors);\n  expect(allColors.length).to.eq(uniqColors.length);\n});",
              "err": {},
              "uuid": "e5ff4fdc-0fca-4d1c-a0dc-853ff7d5373a",
              "parentUUID": "e39fad1e-76d3-4008-940f-1bdbc7963e4b",
              "isHook": false,
              "skipped": false
            }
          ],
          "suites": [],
          "passes": [
            "fc5d8183-52df-4ce7-96e5-bbc459c40e8b",
            "fcf429db-040d-49a8-bff0-bc63041ca1cf",
            "e88aae1c-8d83-4b00-97ad-506418c20218",
            "afe80aa2-f9b1-47e6-9548-64820d31f502",
            "be9d3116-5cab-4293-8a5a-d72b54eb3a9a",
            "0ee05863-9cfd-495a-b81d-b108d81fcfd7",
            "e5ff4fdc-0fca-4d1c-a0dc-853ff7d5373a"
          ],
          "failures": [],
          "pending": [],
          "skipped": [],
          "duration": 932,
          "root": false,
          "rootEmpty": false,
          "_timeout": 2000
        },
        {
          "uuid": "0ebc0d50-0549-4c05-b9d3-52c3f8d203fc",
          "title": "3 - Adicione a cor **preta** como a primeira cor da paleta de cores.",
          "fullFile": "",
          "file": "",
          "beforeHooks": [],
          "afterHooks": [],
          "tests": [
            {
              "title": "Verifica se a primeira cor da paleta é preta",
              "fullTitle": "3 - Adicione a cor **preta** como a primeira cor da paleta de cores. Verifica se a primeira cor da paleta é preta",
              "timedOut": null,
              "duration": 102,
              "state": "passed",
              "speed": "slow",
              "pass": true,
              "fail": false,
              "pending": false,
              "context": null,
              "code": "cy.get('.color').first().should('have.css', 'background-color', BLACK);",
              "err": {},
              "uuid": "8b3f2f15-dce9-4a66-99d7-eb696bd48473",
              "parentUUID": "0ebc0d50-0549-4c05-b9d3-52c3f8d203fc",
              "isHook": false,
              "skipped": false
            },
            {
              "title": "Verifica se as demais cores podem ser escolhidas livremente.",
              "fullTitle": "3 - Adicione a cor **preta** como a primeira cor da paleta de cores. Verifica se as demais cores podem ser escolhidas livremente.",
              "timedOut": null,
              "duration": 205,
              "state": "passed",
              "speed": "slow",
              "pass": true,
              "fail": false,
              "pending": false,
              "context": null,
              "code": "cy.get('.color').eq(1).should('not.have.css', 'background-color', BLACK);\ncy.get('.color').eq(1).should('not.have.css', 'background-color', WHITE);\ncy.get('.color').eq(1).should('not.have.css', 'background-color', 'rgba(0, 0, 0, 0)');\ncy.get('.color').eq(1).should('have.css', 'background-color');\ncy.get('.color').eq(2).should('not.have.css', 'background-color', BLACK);\ncy.get('.color').eq(2).should('not.have.css', 'background-color', WHITE);\ncy.get('.color').eq(2).should('not.have.css', 'background-color', 'rgba(0, 0, 0, 0)');\ncy.get('.color').eq(2).should('have.css', 'background-color');\ncy.get('.color').eq(3).should('not.have.css', 'background-color', BLACK);\ncy.get('.color').eq(3).should('not.have.css', 'background-color', WHITE);\ncy.get('.color').eq(3).should('not.have.css', 'background-color', 'rgba(0, 0, 0, 0)');\ncy.get('.color').eq(3).should('have.css', 'background-color');",
              "err": {},
              "uuid": "72cadfdb-583f-491f-accf-e969014acef5",
              "parentUUID": "0ebc0d50-0549-4c05-b9d3-52c3f8d203fc",
              "isHook": false,
              "skipped": false
            }
          ],
          "suites": [],
          "passes": [
            "8b3f2f15-dce9-4a66-99d7-eb696bd48473",
            "72cadfdb-583f-491f-accf-e969014acef5"
          ],
          "failures": [],
          "pending": [],
          "skipped": [],
          "duration": 307,
          "root": false,
          "rootEmpty": false,
          "_timeout": 2000
        },
        {
          "uuid": "c7659a2d-622f-4249-9ef8-b600e0c1854c",
          "title": "4 - Adicione à página um quadro de pixels, com 25 pixels.",
          "fullFile": "",
          "file": "",
          "beforeHooks": [],
          "afterHooks": [],
          "tests": [
            {
              "title": "Verifica se o quadro de pixels possui o `id` denominado `pixel-board`",
              "fullTitle": "4 - Adicione à página um quadro de pixels, com 25 pixels. Verifica se o quadro de pixels possui o `id` denominado `pixel-board`",
              "timedOut": null,
              "duration": 95,
              "state": "passed",
              "speed": "slow",
              "pass": true,
              "fail": false,
              "pending": false,
              "context": null,
              "code": "cy.get('#pixel-board').should('be.visible');",
              "err": {},
              "uuid": "77d79ad7-d5b5-42eb-bdce-6f0cf89ce647",
              "parentUUID": "c7659a2d-622f-4249-9ef8-b600e0c1854c",
              "isHook": false,
              "skipped": false
            },
            {
              "title": "Verifica se cada pixel individual dentro do quadro possui a `classe` denominada `pixel`.",
              "fullTitle": "4 - Adicione à página um quadro de pixels, com 25 pixels. Verifica se cada pixel individual dentro do quadro possui a `classe` denominada `pixel`.",
              "timedOut": null,
              "duration": 163,
              "state": "passed",
              "speed": "slow",
              "pass": true,
              "fail": false,
              "pending": false,
              "context": null,
              "code": "cy.get('.pixel').should('have.length', 25);",
              "err": {},
              "uuid": "f0da07bc-0eaa-4304-b2cc-cf563eb4a9d2",
              "parentUUID": "c7659a2d-622f-4249-9ef8-b600e0c1854c",
              "isHook": false,
              "skipped": false
            },
            {
              "title": "Verifica se a cor inicial dos pixels dentro do quadro, ao abrir a página, é branca.",
              "fullTitle": "4 - Adicione à página um quadro de pixels, com 25 pixels. Verifica se a cor inicial dos pixels dentro do quadro, ao abrir a página, é branca.",
              "timedOut": null,
              "duration": 183,
              "state": "passed",
              "speed": "slow",
              "pass": true,
              "fail": false,
              "pending": false,
              "context": null,
              "code": "cy.get('.pixel').should('have.length', 25).each(function (pixel) {\n  expect(pixel).to.have.css('background-color', WHITE);\n});",
              "err": {},
              "uuid": "bebd457e-be37-4a61-8547-fdab282bceab",
              "parentUUID": "c7659a2d-622f-4249-9ef8-b600e0c1854c",
              "isHook": false,
              "skipped": false
            },
            {
              "title": "Verifica se o quadro de pixels aparece abaixo da paleta de cores",
              "fullTitle": "4 - Adicione à página um quadro de pixels, com 25 pixels. Verifica se o quadro de pixels aparece abaixo da paleta de cores",
              "timedOut": null,
              "duration": 139,
              "state": "passed",
              "speed": "slow",
              "pass": true,
              "fail": false,
              "pending": false,
              "context": null,
              "code": "cy.get('#color-palette').then(function (palette) {\n  cy.get('#pixel-board').should('be.belowOf', palette);\n});",
              "err": {},
              "uuid": "26360ce4-42e1-4b5a-b187-814e5d28e361",
              "parentUUID": "c7659a2d-622f-4249-9ef8-b600e0c1854c",
              "isHook": false,
              "skipped": false
            }
          ],
          "suites": [],
          "passes": [
            "77d79ad7-d5b5-42eb-bdce-6f0cf89ce647",
            "f0da07bc-0eaa-4304-b2cc-cf563eb4a9d2",
            "bebd457e-be37-4a61-8547-fdab282bceab",
            "26360ce4-42e1-4b5a-b187-814e5d28e361"
          ],
          "failures": [],
          "pending": [],
          "skipped": [],
          "duration": 580,
          "root": false,
          "rootEmpty": false,
          "_timeout": 2000
        },
        {
          "uuid": "7a0fecbd-f51a-4413-890e-03a5f324b66c",
          "title": "5 - Faça com que cada elemento do quadro de pixels possua 40 pixels de largura, 40 pixels de altura e seja delimitado por uma borda preta de 1 pixel.",
          "fullFile": "",
          "file": "",
          "beforeHooks": [],
          "afterHooks": [],
          "tests": [
            {
              "title": "Verifica se o quadro de pixels tem altura e comprimento de 5 elementos",
              "fullTitle": "5 - Faça com que cada elemento do quadro de pixels possua 40 pixels de largura, 40 pixels de altura e seja delimitado por uma borda preta de 1 pixel. Verifica se o quadro de pixels tem altura e comprimento de 5 elementos",
              "timedOut": null,
              "duration": 363,
              "state": "passed",
              "speed": "slow",
              "pass": true,
              "fail": false,
              "pending": false,
              "context": null,
              "code": "cy.get('.pixel').should('have.length', 25).each(function (pixel) {\n  expect(pixel).to.have.css('background-color', WHITE);\n}).and(function (pixels) {\n  var rows = chunk(pixels, 5);\n  rows.forEach(function (row) {\n    for (var index = 1; index < row.length; index += 1) {\n      var current = pixels[index];\n      var previous = pixels[index - 1];\n      cy.wrap(current).should('be.onTheRightOf', previous).and('be.horizontallyAlignedWith', previous);\n    }\n  });\n  for (var index = 1; index < 5; index += 1) {\n    expect(pixels[index * 5]).to.be.belowOf(pixels[(index - 1) * 5]);\n  }\n});",
              "err": {},
              "uuid": "62074e26-23fa-4902-b549-07959e215de6",
              "parentUUID": "7a0fecbd-f51a-4413-890e-03a5f324b66c",
              "isHook": false,
              "skipped": false
            },
            {
              "title": "Verifica se 40 pixels é o tamanho total do elemento, incluindo seu conteúdo e excluindo a borda preta, que deve ser criada à parte.",
              "fullTitle": "5 - Faça com que cada elemento do quadro de pixels possua 40 pixels de largura, 40 pixels de altura e seja delimitado por uma borda preta de 1 pixel. Verifica se 40 pixels é o tamanho total do elemento, incluindo seu conteúdo e excluindo a borda preta, que deve ser criada à parte.",
              "timedOut": null,
              "duration": 273,
              "state": "passed",
              "speed": "slow",
              "pass": true,
              "fail": false,
              "pending": false,
              "context": null,
              "code": "cy.get('.pixel').each(function (pixel) {\n  cy.wrap(pixel).should('have.css', 'height', '40px').and('have.css', 'width', '40px').and('have.css', 'border', \"1px solid \".concat(BLACK));\n});",
              "err": {},
              "uuid": "dae2b444-90df-47e3-947b-f350cae8a14b",
              "parentUUID": "7a0fecbd-f51a-4413-890e-03a5f324b66c",
              "isHook": false,
              "skipped": false
            }
          ],
          "suites": [],
          "passes": [
            "62074e26-23fa-4902-b549-07959e215de6",
            "dae2b444-90df-47e3-947b-f350cae8a14b"
          ],
          "failures": [],
          "pending": [],
          "skipped": [],
          "duration": 636,
          "root": false,
          "rootEmpty": false,
          "_timeout": 2000
        },
        {
          "uuid": "9bf91bad-b07a-4b49-b7de-42dc0d8f5e61",
          "title": "6 - Defina a cor preta como cor inicial. Ao carregar a página a cor preta já deve estar selecionada para pintar os pixels",
          "fullFile": "",
          "file": "",
          "beforeHooks": [],
          "afterHooks": [],
          "tests": [
            {
              "title": "Verifica se o elemento da cor preta possui, inicialmente, a `classe` `selected`",
              "fullTitle": "6 - Defina a cor preta como cor inicial. Ao carregar a página a cor preta já deve estar selecionada para pintar os pixels Verifica se o elemento da cor preta possui, inicialmente, a `classe` `selected`",
              "timedOut": null,
              "duration": 100,
              "state": "passed",
              "speed": "slow",
              "pass": true,
              "fail": false,
              "pending": false,
              "context": null,
              "code": "cy.get('.selected').first().should('have.css', 'background-color', BLACK);",
              "err": {},
              "uuid": "5fdcff05-e00d-426c-905d-78b6cc3b7b70",
              "parentUUID": "9bf91bad-b07a-4b49-b7de-42dc0d8f5e61",
              "isHook": false,
              "skipped": false
            },
            {
              "title": "Verifica se nenhuma outra cor da paleta tem a `classe` `selected`",
              "fullTitle": "6 - Defina a cor preta como cor inicial. Ao carregar a página a cor preta já deve estar selecionada para pintar os pixels Verifica se nenhuma outra cor da paleta tem a `classe` `selected`",
              "timedOut": null,
              "duration": 107,
              "state": "passed",
              "speed": "slow",
              "pass": true,
              "fail": false,
              "pending": false,
              "context": null,
              "code": "cy.get('.color:not(:first-child)').each(function (color) {\n  cy.wrap(color).should('not.have.class', 'selected');\n});",
              "err": {},
              "uuid": "13ea992b-513a-4341-b54b-58b9fefcaf59",
              "parentUUID": "9bf91bad-b07a-4b49-b7de-42dc0d8f5e61",
              "isHook": false,
              "skipped": false
            }
          ],
          "suites": [],
          "passes": [
            "5fdcff05-e00d-426c-905d-78b6cc3b7b70",
            "13ea992b-513a-4341-b54b-58b9fefcaf59"
          ],
          "failures": [],
          "pending": [],
          "skipped": [],
          "duration": 207,
          "root": false,
          "rootEmpty": false,
          "_timeout": 2000
        },
        {
          "uuid": "32f34424-c2e9-4f9a-bc31-a379bb41be66",
          "title": "7 - Clicar em uma das cores da paleta, faz com que ela seja selecionada e utilizada para preencher os pixels no quadro.",
          "fullFile": "",
          "file": "",
          "beforeHooks": [],
          "afterHooks": [],
          "tests": [
            {
              "title": "Verifica se somente uma cor da paleta de cores tem a classe `selected` de cada vez",
              "fullTitle": "7 - Clicar em uma das cores da paleta, faz com que ela seja selecionada e utilizada para preencher os pixels no quadro. Verifica se somente uma cor da paleta de cores tem a classe `selected` de cada vez",
              "timedOut": null,
              "duration": 481,
              "state": "passed",
              "speed": "slow",
              "pass": true,
              "fail": false,
              "pending": false,
              "context": null,
              "code": "cy.get('.color').each(function (selectedColor, selectedColorIndex) {\n  cy.wrap(selectedColor).click();\n  cy.get('.color').each(function (color, colorIndex) {\n    if (colorIndex === selectedColorIndex) {\n      expect(color).to.have[\"class\"]('selected');\n    } else {\n      expect(color).not.to.have[\"class\"]('selected');\n    }\n  });\n});",
              "err": {},
              "uuid": "03e7906c-ef9f-4476-a643-35a55a9e2276",
              "parentUUID": "32f34424-c2e9-4f9a-bc31-a379bb41be66",
              "isHook": false,
              "skipped": false
            },
            {
              "title": "Verifica se os pixels dentro do quadro não têm a classe `selected` quando são clicados",
              "fullTitle": "7 - Clicar em uma das cores da paleta, faz com que ela seja selecionada e utilizada para preencher os pixels no quadro. Verifica se os pixels dentro do quadro não têm a classe `selected` quando são clicados",
              "timedOut": null,
              "duration": 8668,
              "state": "passed",
              "speed": "slow",
              "pass": true,
              "fail": false,
              "pending": false,
              "context": null,
              "code": "cy.get('.color').each(function (color) {\n  var backgroundColor = color.css('background-color');\n  cy.wrap(color).click();\n  cy.get('.pixel').each(function (pixel) {\n    cy.wrap(pixel).click().should('not.have.class', 'selected');\n  });\n});",
              "err": {},
              "uuid": "8380486b-99da-4c79-b79d-b3dd93f71b6f",
              "parentUUID": "32f34424-c2e9-4f9a-bc31-a379bb41be66",
              "isHook": false,
              "skipped": false
            }
          ],
          "suites": [],
          "passes": [
            "03e7906c-ef9f-4476-a643-35a55a9e2276",
            "8380486b-99da-4c79-b79d-b3dd93f71b6f"
          ],
          "failures": [],
          "pending": [],
          "skipped": [],
          "duration": 9149,
          "root": false,
          "rootEmpty": false,
          "_timeout": 2000
        },
        {
          "uuid": "39a7219d-cf2e-43a0-b059-2f2e981851ea",
          "title": "8 - Clicar em um pixel dentro do quadro após selecionar uma cor na paleta, faz com que o pixel seja preenchido com a cor selecionada.",
          "fullFile": "",
          "file": "",
          "beforeHooks": [],
          "afterHooks": [],
          "tests": [
            {
              "title": "Verifica se ao carregar a página deve ser possível pintar os pixels de preto",
              "fullTitle": "8 - Clicar em um pixel dentro do quadro após selecionar uma cor na paleta, faz com que o pixel seja preenchido com a cor selecionada. Verifica se ao carregar a página deve ser possível pintar os pixels de preto",
              "timedOut": null,
              "duration": 2192,
              "state": "passed",
              "speed": "slow",
              "pass": true,
              "fail": false,
              "pending": false,
              "context": null,
              "code": "cy.get('.pixel').each(function (pixel) {\n  cy.wrap(pixel).click().should('have.css', 'background-color', BLACK);\n});",
              "err": {},
              "uuid": "596fa14e-0bbb-4752-aee7-6d4113f7f91b",
              "parentUUID": "39a7219d-cf2e-43a0-b059-2f2e981851ea",
              "isHook": false,
              "skipped": false
            },
            {
              "title": "Verifica se após selecionar uma outra cor na paleta, é possível pintar os pixels com essa cor",
              "fullTitle": "8 - Clicar em um pixel dentro do quadro após selecionar uma cor na paleta, faz com que o pixel seja preenchido com a cor selecionada. Verifica se após selecionar uma outra cor na paleta, é possível pintar os pixels com essa cor",
              "timedOut": null,
              "duration": 8524,
              "state": "passed",
              "speed": "slow",
              "pass": true,
              "fail": false,
              "pending": false,
              "context": null,
              "code": "cy.get('.color').each(function (color) {\n  var backgroundColor = color.css('background-color');\n  cy.wrap(color).click();\n  cy.get('.pixel').each(function (pixel) {\n    cy.wrap(pixel).click().should('have.css', 'background-color', backgroundColor);\n  });\n});",
              "err": {},
              "uuid": "2a515649-42b8-425e-8702-04d6bc3f14f3",
              "parentUUID": "39a7219d-cf2e-43a0-b059-2f2e981851ea",
              "isHook": false,
              "skipped": false
            },
            {
              "title": "Verifica se somente o pixel que foi clicado foi preenchido com a cor selecionada, sem influenciar na cor dos demais pixels.",
              "fullTitle": "8 - Clicar em um pixel dentro do quadro após selecionar uma cor na paleta, faz com que o pixel seja preenchido com a cor selecionada. Verifica se somente o pixel que foi clicado foi preenchido com a cor selecionada, sem influenciar na cor dos demais pixels.",
              "timedOut": null,
              "duration": 1457,
              "state": "passed",
              "speed": "slow",
              "pass": true,
              "fail": false,
              "pending": false,
              "context": null,
              "code": "var colorToPixelIndexMap = {\n  0: 6,\n  1: 8,\n  2: 16,\n  3: 18\n};\ncy.get('.color').each(function (color, index) {\n  cy.wrap(color).click();\n  var backgroundColor = color.css('background-color');\n  var clickedPixelIndex = colorToPixelIndexMap[index];\n  cy.get('.pixel').eq(clickedPixelIndex).click();\n  cy.get('.pixel').eq(clickedPixelIndex - 1).should('not.have.css', 'background-color', backgroundColor);\n  cy.get('.pixel').eq(clickedPixelIndex + 1).should('not.have.css', 'background-color', backgroundColor);\n  cy.get('.pixel').eq(clickedPixelIndex - 5).should('not.have.css', 'background-color', backgroundColor);\n  cy.get('.pixel').eq(clickedPixelIndex + 5).should('not.have.css', 'background-color', backgroundColor);\n  cy.get('.pixel').eq(clickedPixelIndex - 6).should('not.have.css', 'background-color', backgroundColor);\n  cy.get('.pixel').eq(clickedPixelIndex - 4).should('not.have.css', 'background-color', backgroundColor);\n  cy.get('.pixel').eq(clickedPixelIndex + 4).should('not.have.css', 'background-color', backgroundColor);\n  cy.get('.pixel').eq(clickedPixelIndex + 6).should('not.have.css', 'background-color', backgroundColor);\n});",
              "err": {},
              "uuid": "dbae9dd4-2ab6-4d94-9557-2974388dc753",
              "parentUUID": "39a7219d-cf2e-43a0-b059-2f2e981851ea",
              "isHook": false,
              "skipped": false
            }
          ],
          "suites": [],
          "passes": [
            "596fa14e-0bbb-4752-aee7-6d4113f7f91b",
            "2a515649-42b8-425e-8702-04d6bc3f14f3",
            "dbae9dd4-2ab6-4d94-9557-2974388dc753"
          ],
          "failures": [],
          "pending": [],
          "skipped": [],
          "duration": 12173,
          "root": false,
          "rootEmpty": false,
          "_timeout": 2000
        },
        {
          "uuid": "34c34d2f-24a0-4212-9853-c8ad1d67524c",
          "title": "9 - Crie um botão que, ao ser clicado, limpa o quadro preenchendo a cor de todos seus pixels com branco.",
          "fullFile": "",
          "file": "",
          "beforeHooks": [],
          "afterHooks": [],
          "tests": [
            {
              "title": "Verifica se o botão tem o `id` denominado `clear-board`",
              "fullTitle": "9 - Crie um botão que, ao ser clicado, limpa o quadro preenchendo a cor de todos seus pixels com branco. Verifica se o botão tem o `id` denominado `clear-board`",
              "timedOut": null,
              "duration": 4311,
              "state": "failed",
              "speed": null,
              "pass": false,
              "fail": true,
              "pending": false,
              "context": null,
              "code": "cy.get('#clear-board').should('be.visible');",
              "err": {
                "message": "CypressError: Timed out retrying: Expected to find element: '#clear-board', but never found it.",
                "estack": "CypressError: Timed out retrying: Expected to find element: '#clear-board', but never found it.\n    at cypressErr (http://localhost:41419/__cypress/runner/cypress_runner.js:149934:9)\n    at throwErr (http://localhost:41419/__cypress/runner/cypress_runner.js:149867:11)\n    at Object.throwErrByPath (http://localhost:41419/__cypress/runner/cypress_runner.js:149915:3)\n    at retry (http://localhost:41419/__cypress/runner/cypress_runner.js:144197:19)\n    at onFailFn (http://localhost:41419/__cypress/runner/cypress_runner.js:132448:16)\n    at tryCatcher (http://localhost:41419/__cypress/runner/cypress_runner.js:167415:23)\n    at Promise._settlePromiseFromHandler (http://localhost:41419/__cypress/runner/cypress_runner.js:165351:31)\n    at Promise._settlePromise (http://localhost:41419/__cypress/runner/cypress_runner.js:165408:18)\n    at Promise._settlePromise0 (http://localhost:41419/__cypress/runner/cypress_runner.js:165453:10)\n    at Promise._settlePromises (http://localhost:41419/__cypress/runner/cypress_runner.js:165528:18)\n    at Async../node_modules/bluebird/js/release/async.js.Async._drainQueue (http://localhost:41419/__cypress/runner/cypress_runner.js:162140:16)\n    at Async../node_modules/bluebird/js/release/async.js.Async._drainQueues (http://localhost:41419/__cypress/runner/cypress_runner.js:162150:10)\n    at Async.drainQueues (http://localhost:41419/__cypress/runner/cypress_runner.js:162024:14)",
                "diff": null
              },
              "uuid": "8282534e-5952-4765-bd34-1e556bd6bb4b",
              "parentUUID": "34c34d2f-24a0-4212-9853-c8ad1d67524c",
              "isHook": false,
              "skipped": false
            },
            {
              "title": "Verifica se o botão está posicionado entre a paleta de cores e o quadro de pixels",
              "fullTitle": "9 - Crie um botão que, ao ser clicado, limpa o quadro preenchendo a cor de todos seus pixels com branco. Verifica se o botão está posicionado entre a paleta de cores e o quadro de pixels",
              "timedOut": null,
              "duration": 4297,
              "state": "failed",
              "speed": null,
              "pass": false,
              "fail": true,
              "pending": false,
              "context": null,
              "code": "cy.get('#color-palette').then(function (palette) {\n  cy.get('#clear-board').should('be.belowOf', palette);\n});\ncy.get('#clear-board').then(function (clearBtn) {\n  cy.get('#pixel-board').should('be.belowOf', clearBtn);\n});",
              "err": {
                "message": "CypressError: Timed out retrying: Expected to find element: '#clear-board', but never found it.",
                "estack": "CypressError: Timed out retrying: Expected to find element: '#clear-board', but never found it.\n    at cypressErr (http://localhost:41419/__cypress/runner/cypress_runner.js:149934:9)\n    at throwErr (http://localhost:41419/__cypress/runner/cypress_runner.js:149867:11)\n    at Object.throwErrByPath (http://localhost:41419/__cypress/runner/cypress_runner.js:149915:3)\n    at retry (http://localhost:41419/__cypress/runner/cypress_runner.js:144197:19)\n    at onFailFn (http://localhost:41419/__cypress/runner/cypress_runner.js:132448:16)\n    at tryCatcher (http://localhost:41419/__cypress/runner/cypress_runner.js:167415:23)\n    at Promise._settlePromiseFromHandler (http://localhost:41419/__cypress/runner/cypress_runner.js:165351:31)\n    at Promise._settlePromise (http://localhost:41419/__cypress/runner/cypress_runner.js:165408:18)\n    at Promise._settlePromise0 (http://localhost:41419/__cypress/runner/cypress_runner.js:165453:10)\n    at Promise._settlePromises (http://localhost:41419/__cypress/runner/cypress_runner.js:165528:18)\n    at Async../node_modules/bluebird/js/release/async.js.Async._drainQueue (http://localhost:41419/__cypress/runner/cypress_runner.js:162140:16)\n    at Async../node_modules/bluebird/js/release/async.js.Async._drainQueues (http://localhost:41419/__cypress/runner/cypress_runner.js:162150:10)\n    at Async.drainQueues (http://localhost:41419/__cypress/runner/cypress_runner.js:162024:14)",
                "diff": null
              },
              "uuid": "3759d932-c069-4d31-82c9-0f86c2e3a997",
              "parentUUID": "34c34d2f-24a0-4212-9853-c8ad1d67524c",
              "isHook": false,
              "skipped": false
            },
            {
              "title": "Verifica se o texto do botão é 'Limpar'",
              "fullTitle": "9 - Crie um botão que, ao ser clicado, limpa o quadro preenchendo a cor de todos seus pixels com branco. Verifica se o texto do botão é 'Limpar'",
              "timedOut": null,
              "duration": 4300,
              "state": "failed",
              "speed": null,
              "pass": false,
              "fail": true,
              "pending": false,
              "context": null,
              "code": "cy.get('#clear-board').should('contain.text', 'Limpar');",
              "err": {
                "message": "CypressError: Timed out retrying: Expected to find element: '#clear-board', but never found it.",
                "estack": "CypressError: Timed out retrying: Expected to find element: '#clear-board', but never found it.\n    at cypressErr (http://localhost:41419/__cypress/runner/cypress_runner.js:149934:9)\n    at throwErr (http://localhost:41419/__cypress/runner/cypress_runner.js:149867:11)\n    at Object.throwErrByPath (http://localhost:41419/__cypress/runner/cypress_runner.js:149915:3)\n    at retry (http://localhost:41419/__cypress/runner/cypress_runner.js:144197:19)\n    at onFailFn (http://localhost:41419/__cypress/runner/cypress_runner.js:132448:16)\n    at tryCatcher (http://localhost:41419/__cypress/runner/cypress_runner.js:167415:23)\n    at Promise._settlePromiseFromHandler (http://localhost:41419/__cypress/runner/cypress_runner.js:165351:31)\n    at Promise._settlePromise (http://localhost:41419/__cypress/runner/cypress_runner.js:165408:18)\n    at Promise._settlePromise0 (http://localhost:41419/__cypress/runner/cypress_runner.js:165453:10)\n    at Promise._settlePromises (http://localhost:41419/__cypress/runner/cypress_runner.js:165528:18)\n    at Async../node_modules/bluebird/js/release/async.js.Async._drainQueue (http://localhost:41419/__cypress/runner/cypress_runner.js:162140:16)\n    at Async../node_modules/bluebird/js/release/async.js.Async._drainQueues (http://localhost:41419/__cypress/runner/cypress_runner.js:162150:10)\n    at Async.drainQueues (http://localhost:41419/__cypress/runner/cypress_runner.js:162024:14)",
                "diff": null
              },
              "uuid": "4723bbb3-4ce8-4765-8cad-e9b54c7338da",
              "parentUUID": "34c34d2f-24a0-4212-9853-c8ad1d67524c",
              "isHook": false,
              "skipped": false
            },
            {
              "title": "Verifica se ao clicar no botão, o quadro de pixels é totalmente preenchido de branco",
              "fullTitle": "9 - Crie um botão que, ao ser clicado, limpa o quadro preenchendo a cor de todos seus pixels com branco. Verifica se ao clicar no botão, o quadro de pixels é totalmente preenchido de branco",
              "timedOut": null,
              "duration": 6470,
              "state": "failed",
              "speed": null,
              "pass": false,
              "fail": true,
              "pending": false,
              "context": null,
              "code": "cy.get('.color').eq(1).then(function (color) {\n  var backgroundColor = color.css('background-color');\n  cy.wrap(color).click();\n  cy.get('.pixel').each(function (pixel) {\n    cy.wrap(pixel).click().should('have.css', 'background-color', backgroundColor);\n  });\n});\ncy.get('#clear-board').click();\ncy.get('.pixel').each(function (pixel) {\n  cy.wrap(pixel).should('have.css', 'background-color', WHITE);\n});",
              "err": {
                "message": "CypressError: Timed out retrying: Expected to find element: '#clear-board', but never found it.",
                "estack": "CypressError: Timed out retrying: Expected to find element: '#clear-board', but never found it.\n    at cypressErr (http://localhost:41419/__cypress/runner/cypress_runner.js:149934:9)\n    at throwErr (http://localhost:41419/__cypress/runner/cypress_runner.js:149867:11)\n    at Object.throwErrByPath (http://localhost:41419/__cypress/runner/cypress_runner.js:149915:3)\n    at retry (http://localhost:41419/__cypress/runner/cypress_runner.js:144197:19)\n    at onFailFn (http://localhost:41419/__cypress/runner/cypress_runner.js:132448:16)\n    at tryCatcher (http://localhost:41419/__cypress/runner/cypress_runner.js:167415:23)\n    at Promise._settlePromiseFromHandler (http://localhost:41419/__cypress/runner/cypress_runner.js:165351:31)\n    at Promise._settlePromise (http://localhost:41419/__cypress/runner/cypress_runner.js:165408:18)\n    at Promise._settlePromise0 (http://localhost:41419/__cypress/runner/cypress_runner.js:165453:10)\n    at Promise._settlePromises (http://localhost:41419/__cypress/runner/cypress_runner.js:165528:18)\n    at Async../node_modules/bluebird/js/release/async.js.Async._drainQueue (http://localhost:41419/__cypress/runner/cypress_runner.js:162140:16)\n    at Async../node_modules/bluebird/js/release/async.js.Async._drainQueues (http://localhost:41419/__cypress/runner/cypress_runner.js:162150:10)\n    at Async.drainQueues (http://localhost:41419/__cypress/runner/cypress_runner.js:162024:14)",
                "diff": null
              },
              "uuid": "81850e57-85c0-4335-9a4f-11f2426c7f2b",
              "parentUUID": "34c34d2f-24a0-4212-9853-c8ad1d67524c",
              "isHook": false,
              "skipped": false
            }
          ],
          "suites": [],
          "passes": [],
          "failures": [
            "8282534e-5952-4765-bd34-1e556bd6bb4b",
            "3759d932-c069-4d31-82c9-0f86c2e3a997",
            "4723bbb3-4ce8-4765-8cad-e9b54c7338da",
            "81850e57-85c0-4335-9a4f-11f2426c7f2b"
          ],
          "pending": [],
          "skipped": [],
          "duration": 19378,
          "root": false,
          "rootEmpty": false,
          "_timeout": 2000
        },
        {
          "uuid": "f1e80a0d-c95a-4286-8569-8487988cc683",
          "title": "10 - Faça o quadro de pixels ter seu tamanho definido pelo usuário.",
          "fullFile": "",
          "file": "",
          "beforeHooks": [],
          "afterHooks": [],
          "tests": [
            {
              "title": "Verifica se existe um input com o id `board-size`",
              "fullTitle": "10 - Faça o quadro de pixels ter seu tamanho definido pelo usuário. Verifica se existe um input com o id `board-size`",
              "timedOut": null,
              "duration": 4316,
              "state": "failed",
              "speed": null,
              "pass": false,
              "fail": true,
              "pending": false,
              "context": null,
              "code": "cy.get('#board-size').should('be.visible');",
              "err": {
                "message": "CypressError: Timed out retrying: Expected to find element: '#board-size', but never found it.",
                "estack": "CypressError: Timed out retrying: Expected to find element: '#board-size', but never found it.\n    at cypressErr (http://localhost:41419/__cypress/runner/cypress_runner.js:149934:9)\n    at throwErr (http://localhost:41419/__cypress/runner/cypress_runner.js:149867:11)\n    at Object.throwErrByPath (http://localhost:41419/__cypress/runner/cypress_runner.js:149915:3)\n    at retry (http://localhost:41419/__cypress/runner/cypress_runner.js:144197:19)\n    at onFailFn (http://localhost:41419/__cypress/runner/cypress_runner.js:132448:16)\n    at tryCatcher (http://localhost:41419/__cypress/runner/cypress_runner.js:167415:23)\n    at Promise._settlePromiseFromHandler (http://localhost:41419/__cypress/runner/cypress_runner.js:165351:31)\n    at Promise._settlePromise (http://localhost:41419/__cypress/runner/cypress_runner.js:165408:18)\n    at Promise._settlePromise0 (http://localhost:41419/__cypress/runner/cypress_runner.js:165453:10)\n    at Promise._settlePromises (http://localhost:41419/__cypress/runner/cypress_runner.js:165528:18)\n    at Async../node_modules/bluebird/js/release/async.js.Async._drainQueue (http://localhost:41419/__cypress/runner/cypress_runner.js:162140:16)\n    at Async../node_modules/bluebird/js/release/async.js.Async._drainQueues (http://localhost:41419/__cypress/runner/cypress_runner.js:162150:10)\n    at Async.drainQueues (http://localhost:41419/__cypress/runner/cypress_runner.js:162024:14)",
                "diff": null
              },
              "uuid": "f87ad511-7a9f-41bf-be09-e1486e00a67f",
              "parentUUID": "f1e80a0d-c95a-4286-8569-8487988cc683",
              "isHook": false,
              "skipped": false
            },
            {
              "title": "Verifica se existe um botão com o id `generate-board`",
              "fullTitle": "10 - Faça o quadro de pixels ter seu tamanho definido pelo usuário. Verifica se existe um botão com o id `generate-board`",
              "timedOut": null,
              "duration": 4329,
              "state": "failed",
              "speed": null,
              "pass": false,
              "fail": true,
              "pending": false,
              "context": null,
              "code": "cy.get('#generate-board').should('be.visible');",
              "err": {
                "message": "CypressError: Timed out retrying: Expected to find element: '#generate-board', but never found it.",
                "estack": "CypressError: Timed out retrying: Expected to find element: '#generate-board', but never found it.\n    at cypressErr (http://localhost:41419/__cypress/runner/cypress_runner.js:149934:9)\n    at throwErr (http://localhost:41419/__cypress/runner/cypress_runner.js:149867:11)\n    at Object.throwErrByPath (http://localhost:41419/__cypress/runner/cypress_runner.js:149915:3)\n    at retry (http://localhost:41419/__cypress/runner/cypress_runner.js:144197:19)\n    at onFailFn (http://localhost:41419/__cypress/runner/cypress_runner.js:132448:16)\n    at tryCatcher (http://localhost:41419/__cypress/runner/cypress_runner.js:167415:23)\n    at Promise._settlePromiseFromHandler (http://localhost:41419/__cypress/runner/cypress_runner.js:165351:31)\n    at Promise._settlePromise (http://localhost:41419/__cypress/runner/cypress_runner.js:165408:18)\n    at Promise._settlePromise0 (http://localhost:41419/__cypress/runner/cypress_runner.js:165453:10)\n    at Promise._settlePromises (http://localhost:41419/__cypress/runner/cypress_runner.js:165528:18)\n    at Async../node_modules/bluebird/js/release/async.js.Async._drainQueue (http://localhost:41419/__cypress/runner/cypress_runner.js:162140:16)\n    at Async../node_modules/bluebird/js/release/async.js.Async._drainQueues (http://localhost:41419/__cypress/runner/cypress_runner.js:162150:10)\n    at Async.drainQueues (http://localhost:41419/__cypress/runner/cypress_runner.js:162024:14)",
                "diff": null
              },
              "uuid": "21773760-4ddd-42a3-858d-7f1324004583",
              "parentUUID": "f1e80a0d-c95a-4286-8569-8487988cc683",
              "isHook": false,
              "skipped": false
            },
            {
              "title": "Verifica se o input só aceita número maiores que zero. Essa restrição deve ser feita usando os atributos do elemento `input`",
              "fullTitle": "10 - Faça o quadro de pixels ter seu tamanho definido pelo usuário. Verifica se o input só aceita número maiores que zero. Essa restrição deve ser feita usando os atributos do elemento `input`",
              "timedOut": null,
              "duration": 4286,
              "state": "failed",
              "speed": null,
              "pass": false,
              "fail": true,
              "pending": false,
              "context": null,
              "code": "cy.get('#board-size[type=\\'number\\'][min=\\'1\\']');",
              "err": {
                "message": "CypressError: Timed out retrying: Expected to find element: '#board-size[type='number'][min='1']', but never found it.",
                "estack": "CypressError: Timed out retrying: Expected to find element: '#board-size[type='number'][min='1']', but never found it.\n    at cypressErr (http://localhost:41419/__cypress/runner/cypress_runner.js:149934:9)\n    at throwErr (http://localhost:41419/__cypress/runner/cypress_runner.js:149867:11)\n    at Object.throwErrByPath (http://localhost:41419/__cypress/runner/cypress_runner.js:149915:3)\n    at retry (http://localhost:41419/__cypress/runner/cypress_runner.js:144197:19)\n    at onFailFn (http://localhost:41419/__cypress/runner/cypress_runner.js:132448:16)\n    at tryCatcher (http://localhost:41419/__cypress/runner/cypress_runner.js:167415:23)\n    at Promise._settlePromiseFromHandler (http://localhost:41419/__cypress/runner/cypress_runner.js:165351:31)\n    at Promise._settlePromise (http://localhost:41419/__cypress/runner/cypress_runner.js:165408:18)\n    at Promise._settlePromise0 (http://localhost:41419/__cypress/runner/cypress_runner.js:165453:10)\n    at Promise._settlePromises (http://localhost:41419/__cypress/runner/cypress_runner.js:165528:18)\n    at Async../node_modules/bluebird/js/release/async.js.Async._drainQueue (http://localhost:41419/__cypress/runner/cypress_runner.js:162140:16)\n    at Async../node_modules/bluebird/js/release/async.js.Async._drainQueues (http://localhost:41419/__cypress/runner/cypress_runner.js:162150:10)\n    at Async.drainQueues (http://localhost:41419/__cypress/runner/cypress_runner.js:162024:14)",
                "diff": null
              },
              "uuid": "871892fe-667b-4030-8aff-4f31f617997b",
              "parentUUID": "f1e80a0d-c95a-4286-8569-8487988cc683",
              "isHook": false,
              "skipped": false
            },
            {
              "title": "Verifica se o botão contém o texto 'VQV'",
              "fullTitle": "10 - Faça o quadro de pixels ter seu tamanho definido pelo usuário. Verifica se o botão contém o texto 'VQV'",
              "timedOut": null,
              "duration": 4352,
              "state": "failed",
              "speed": null,
              "pass": false,
              "fail": true,
              "pending": false,
              "context": null,
              "code": "cy.get('#generate-board').contains(/vqv/i);",
              "err": {
                "message": "CypressError: Timed out retrying: Expected to find element: '#generate-board', but never found it.",
                "estack": "CypressError: Timed out retrying: Expected to find element: '#generate-board', but never found it.\n    at cypressErr (http://localhost:41419/__cypress/runner/cypress_runner.js:149934:9)\n    at throwErr (http://localhost:41419/__cypress/runner/cypress_runner.js:149867:11)\n    at Object.throwErrByPath (http://localhost:41419/__cypress/runner/cypress_runner.js:149915:3)\n    at retry (http://localhost:41419/__cypress/runner/cypress_runner.js:144197:19)\n    at onFailFn (http://localhost:41419/__cypress/runner/cypress_runner.js:132448:16)\n    at tryCatcher (http://localhost:41419/__cypress/runner/cypress_runner.js:167415:23)\n    at Promise._settlePromiseFromHandler (http://localhost:41419/__cypress/runner/cypress_runner.js:165351:31)\n    at Promise._settlePromise (http://localhost:41419/__cypress/runner/cypress_runner.js:165408:18)\n    at Promise._settlePromise0 (http://localhost:41419/__cypress/runner/cypress_runner.js:165453:10)\n    at Promise._settlePromises (http://localhost:41419/__cypress/runner/cypress_runner.js:165528:18)\n    at Async../node_modules/bluebird/js/release/async.js.Async._drainQueue (http://localhost:41419/__cypress/runner/cypress_runner.js:162140:16)\n    at Async../node_modules/bluebird/js/release/async.js.Async._drainQueues (http://localhost:41419/__cypress/runner/cypress_runner.js:162150:10)\n    at Async.drainQueues (http://localhost:41419/__cypress/runner/cypress_runner.js:162024:14)",
                "diff": null
              },
              "uuid": "f1f2518e-c38b-4837-8776-84480540b5b6",
              "parentUUID": "f1e80a0d-c95a-4286-8569-8487988cc683",
              "isHook": false,
              "skipped": false
            },
            {
              "title": "Verifica se o input está posicionado entre a paleta de cores e o quadro de pixels",
              "fullTitle": "10 - Faça o quadro de pixels ter seu tamanho definido pelo usuário. Verifica se o input está posicionado entre a paleta de cores e o quadro de pixels",
              "timedOut": null,
              "duration": 4322,
              "state": "failed",
              "speed": null,
              "pass": false,
              "fail": true,
              "pending": false,
              "context": null,
              "code": "cy.get('#color-palette').then(function (palette) {\n  cy.get('#board-size').should('be.belowOf', palette);\n});\ncy.get('#board-size').then(function (palette) {\n  cy.get('#pixel-board').should('be.belowOf', palette);\n});",
              "err": {
                "message": "CypressError: Timed out retrying: Expected to find element: '#board-size', but never found it.",
                "estack": "CypressError: Timed out retrying: Expected to find element: '#board-size', but never found it.\n    at cypressErr (http://localhost:41419/__cypress/runner/cypress_runner.js:149934:9)\n    at throwErr (http://localhost:41419/__cypress/runner/cypress_runner.js:149867:11)\n    at Object.throwErrByPath (http://localhost:41419/__cypress/runner/cypress_runner.js:149915:3)\n    at retry (http://localhost:41419/__cypress/runner/cypress_runner.js:144197:19)\n    at onFailFn (http://localhost:41419/__cypress/runner/cypress_runner.js:132448:16)\n    at tryCatcher (http://localhost:41419/__cypress/runner/cypress_runner.js:167415:23)\n    at Promise._settlePromiseFromHandler (http://localhost:41419/__cypress/runner/cypress_runner.js:165351:31)\n    at Promise._settlePromise (http://localhost:41419/__cypress/runner/cypress_runner.js:165408:18)\n    at Promise._settlePromise0 (http://localhost:41419/__cypress/runner/cypress_runner.js:165453:10)\n    at Promise._settlePromises (http://localhost:41419/__cypress/runner/cypress_runner.js:165528:18)\n    at Async../node_modules/bluebird/js/release/async.js.Async._drainQueue (http://localhost:41419/__cypress/runner/cypress_runner.js:162140:16)\n    at Async../node_modules/bluebird/js/release/async.js.Async._drainQueues (http://localhost:41419/__cypress/runner/cypress_runner.js:162150:10)\n    at Async.drainQueues (http://localhost:41419/__cypress/runner/cypress_runner.js:162024:14)",
                "diff": null
              },
              "uuid": "95f2f92f-23e1-4773-9357-9ea761606de9",
              "parentUUID": "f1e80a0d-c95a-4286-8569-8487988cc683",
              "isHook": false,
              "skipped": false
            },
            {
              "title": "Verifica se o botão está posicionado ao lado do input",
              "fullTitle": "10 - Faça o quadro de pixels ter seu tamanho definido pelo usuário. Verifica se o botão está posicionado ao lado do input",
              "timedOut": null,
              "duration": 4313,
              "state": "failed",
              "speed": null,
              "pass": false,
              "fail": true,
              "pending": false,
              "context": null,
              "code": "cy.get('#board-size').then(function (board) {\n  cy.get('#generate-board').should('be.onTheRightOf', board);\n});",
              "err": {
                "message": "CypressError: Timed out retrying: Expected to find element: '#board-size', but never found it.",
                "estack": "CypressError: Timed out retrying: Expected to find element: '#board-size', but never found it.\n    at cypressErr (http://localhost:41419/__cypress/runner/cypress_runner.js:149934:9)\n    at throwErr (http://localhost:41419/__cypress/runner/cypress_runner.js:149867:11)\n    at Object.throwErrByPath (http://localhost:41419/__cypress/runner/cypress_runner.js:149915:3)\n    at retry (http://localhost:41419/__cypress/runner/cypress_runner.js:144197:19)\n    at onFailFn (http://localhost:41419/__cypress/runner/cypress_runner.js:132448:16)\n    at tryCatcher (http://localhost:41419/__cypress/runner/cypress_runner.js:167415:23)\n    at Promise._settlePromiseFromHandler (http://localhost:41419/__cypress/runner/cypress_runner.js:165351:31)\n    at Promise._settlePromise (http://localhost:41419/__cypress/runner/cypress_runner.js:165408:18)\n    at Promise._settlePromise0 (http://localhost:41419/__cypress/runner/cypress_runner.js:165453:10)\n    at Promise._settlePromises (http://localhost:41419/__cypress/runner/cypress_runner.js:165528:18)\n    at Async../node_modules/bluebird/js/release/async.js.Async._drainQueue (http://localhost:41419/__cypress/runner/cypress_runner.js:162140:16)\n    at Async../node_modules/bluebird/js/release/async.js.Async._drainQueues (http://localhost:41419/__cypress/runner/cypress_runner.js:162150:10)\n    at Async.drainQueues (http://localhost:41419/__cypress/runner/cypress_runner.js:162024:14)",
                "diff": null
              },
              "uuid": "2c8d09a7-abd3-4359-8cc5-3d8d36de3819",
              "parentUUID": "f1e80a0d-c95a-4286-8569-8487988cc683",
              "isHook": false,
              "skipped": false
            },
            {
              "title": "Verifica se nenhum valor for colocado no input ao clicar no botão, um `alert` é exibido com o texto: 'Board inválido!'",
              "fullTitle": "10 - Faça o quadro de pixels ter seu tamanho definido pelo usuário. Verifica se nenhum valor for colocado no input ao clicar no botão, um `alert` é exibido com o texto: 'Board inválido!'",
              "timedOut": null,
              "duration": 4340,
              "state": "failed",
              "speed": null,
              "pass": false,
              "fail": true,
              "pending": false,
              "context": null,
              "code": "var alerted = false;\ncy.on('window:alert', function (msg) {\n  return alerted = msg;\n});\ncy.get('#generate-board').click().then(function () {\n  return expect(alerted).to.match(/Board inválido!/i);\n});",
              "err": {
                "message": "CypressError: Timed out retrying: Expected to find element: '#generate-board', but never found it.",
                "estack": "CypressError: Timed out retrying: Expected to find element: '#generate-board', but never found it.\n    at cypressErr (http://localhost:41419/__cypress/runner/cypress_runner.js:149934:9)\n    at throwErr (http://localhost:41419/__cypress/runner/cypress_runner.js:149867:11)\n    at Object.throwErrByPath (http://localhost:41419/__cypress/runner/cypress_runner.js:149915:3)\n    at retry (http://localhost:41419/__cypress/runner/cypress_runner.js:144197:19)\n    at onFailFn (http://localhost:41419/__cypress/runner/cypress_runner.js:132448:16)\n    at tryCatcher (http://localhost:41419/__cypress/runner/cypress_runner.js:167415:23)\n    at Promise._settlePromiseFromHandler (http://localhost:41419/__cypress/runner/cypress_runner.js:165351:31)\n    at Promise._settlePromise (http://localhost:41419/__cypress/runner/cypress_runner.js:165408:18)\n    at Promise._settlePromise0 (http://localhost:41419/__cypress/runner/cypress_runner.js:165453:10)\n    at Promise._settlePromises (http://localhost:41419/__cypress/runner/cypress_runner.js:165528:18)\n    at Async../node_modules/bluebird/js/release/async.js.Async._drainQueue (http://localhost:41419/__cypress/runner/cypress_runner.js:162140:16)\n    at Async../node_modules/bluebird/js/release/async.js.Async._drainQueues (http://localhost:41419/__cypress/runner/cypress_runner.js:162150:10)\n    at Async.drainQueues (http://localhost:41419/__cypress/runner/cypress_runner.js:162024:14)",
                "diff": null
              },
              "uuid": "065f1db0-5778-43f5-9de8-385781df0f60",
              "parentUUID": "f1e80a0d-c95a-4286-8569-8487988cc683",
              "isHook": false,
              "skipped": false
            },
            {
              "title": "Verifica se ao clicar no botão com um valor preenchido, o tamanho do board muda.",
              "fullTitle": "10 - Faça o quadro de pixels ter seu tamanho definido pelo usuário. Verifica se ao clicar no botão com um valor preenchido, o tamanho do board muda.",
              "timedOut": null,
              "duration": 4314,
              "state": "failed",
              "speed": null,
              "pass": false,
              "fail": true,
              "pending": false,
              "context": null,
              "code": "cy.get('#board-size').clear().type(10);\ncy.get('#generate-board').click();\ncy.get('.pixel').should('have.length', 100);",
              "err": {
                "message": "CypressError: Timed out retrying: Expected to find element: '#board-size', but never found it.",
                "estack": "CypressError: Timed out retrying: Expected to find element: '#board-size', but never found it.\n    at cypressErr (http://localhost:41419/__cypress/runner/cypress_runner.js:149934:9)\n    at throwErr (http://localhost:41419/__cypress/runner/cypress_runner.js:149867:11)\n    at Object.throwErrByPath (http://localhost:41419/__cypress/runner/cypress_runner.js:149915:3)\n    at retry (http://localhost:41419/__cypress/runner/cypress_runner.js:144197:19)\n    at onFailFn (http://localhost:41419/__cypress/runner/cypress_runner.js:132448:16)\n    at tryCatcher (http://localhost:41419/__cypress/runner/cypress_runner.js:167415:23)\n    at Promise._settlePromiseFromHandler (http://localhost:41419/__cypress/runner/cypress_runner.js:165351:31)\n    at Promise._settlePromise (http://localhost:41419/__cypress/runner/cypress_runner.js:165408:18)\n    at Promise._settlePromise0 (http://localhost:41419/__cypress/runner/cypress_runner.js:165453:10)\n    at Promise._settlePromises (http://localhost:41419/__cypress/runner/cypress_runner.js:165528:18)\n    at Async../node_modules/bluebird/js/release/async.js.Async._drainQueue (http://localhost:41419/__cypress/runner/cypress_runner.js:162140:16)\n    at Async../node_modules/bluebird/js/release/async.js.Async._drainQueues (http://localhost:41419/__cypress/runner/cypress_runner.js:162150:10)\n    at Async.drainQueues (http://localhost:41419/__cypress/runner/cypress_runner.js:162024:14)",
                "diff": null
              },
              "uuid": "de9fae82-0016-4383-a8e8-30ad3faf8b8d",
              "parentUUID": "f1e80a0d-c95a-4286-8569-8487988cc683",
              "isHook": false,
              "skipped": false
            },
            {
              "title": "Verifica se o novo quadro tem todos os pixels preenchidos com a cor branca",
              "fullTitle": "10 - Faça o quadro de pixels ter seu tamanho definido pelo usuário. Verifica se o novo quadro tem todos os pixels preenchidos com a cor branca",
              "timedOut": null,
              "duration": 4339,
              "state": "failed",
              "speed": null,
              "pass": false,
              "fail": true,
              "pending": false,
              "context": null,
              "code": "cy.get('#board-size').clear().type(6);\ncy.get('#generate-board').click();\ncy.get('.pixel').should('have.length', 36).each(function (pixel) {\n  expect(pixel).to.have.css('background-color', WHITE);\n});",
              "err": {
                "message": "CypressError: Timed out retrying: Expected to find element: '#board-size', but never found it.",
                "estack": "CypressError: Timed out retrying: Expected to find element: '#board-size', but never found it.\n    at cypressErr (http://localhost:41419/__cypress/runner/cypress_runner.js:149934:9)\n    at throwErr (http://localhost:41419/__cypress/runner/cypress_runner.js:149867:11)\n    at Object.throwErrByPath (http://localhost:41419/__cypress/runner/cypress_runner.js:149915:3)\n    at retry (http://localhost:41419/__cypress/runner/cypress_runner.js:144197:19)\n    at onFailFn (http://localhost:41419/__cypress/runner/cypress_runner.js:132448:16)\n    at tryCatcher (http://localhost:41419/__cypress/runner/cypress_runner.js:167415:23)\n    at Promise._settlePromiseFromHandler (http://localhost:41419/__cypress/runner/cypress_runner.js:165351:31)\n    at Promise._settlePromise (http://localhost:41419/__cypress/runner/cypress_runner.js:165408:18)\n    at Promise._settlePromise0 (http://localhost:41419/__cypress/runner/cypress_runner.js:165453:10)\n    at Promise._settlePromises (http://localhost:41419/__cypress/runner/cypress_runner.js:165528:18)\n    at Async../node_modules/bluebird/js/release/async.js.Async._drainQueue (http://localhost:41419/__cypress/runner/cypress_runner.js:162140:16)\n    at Async../node_modules/bluebird/js/release/async.js.Async._drainQueues (http://localhost:41419/__cypress/runner/cypress_runner.js:162150:10)\n    at Async.drainQueues (http://localhost:41419/__cypress/runner/cypress_runner.js:162024:14)",
                "diff": null
              },
              "uuid": "fb839d4e-15b9-4378-b049-a24370514d49",
              "parentUUID": "f1e80a0d-c95a-4286-8569-8487988cc683",
              "isHook": false,
              "skipped": false
            }
          ],
          "suites": [],
          "passes": [],
          "failures": [
            "f87ad511-7a9f-41bf-be09-e1486e00a67f",
            "21773760-4ddd-42a3-858d-7f1324004583",
            "871892fe-667b-4030-8aff-4f31f617997b",
            "f1f2518e-c38b-4837-8776-84480540b5b6",
            "95f2f92f-23e1-4773-9357-9ea761606de9",
            "2c8d09a7-abd3-4359-8cc5-3d8d36de3819",
            "065f1db0-5778-43f5-9de8-385781df0f60",
            "de9fae82-0016-4383-a8e8-30ad3faf8b8d",
            "fb839d4e-15b9-4378-b049-a24370514d49"
          ],
          "pending": [],
          "skipped": [],
          "duration": 38911,
          "root": false,
          "rootEmpty": false,
          "_timeout": 2000
        },
        {
          "uuid": "1ed95ac1-e01f-42a6-bf18-c50d068c2a8a",
          "title": "11 - Limite o tamanho mínimo e máximo do board.",
          "fullFile": "",
          "file": "",
          "beforeHooks": [],
          "afterHooks": [],
          "tests": [
            {
              "title": "Verifica se a altura máxima do board é 50",
              "fullTitle": "11 - Limite o tamanho mínimo e máximo do board. Verifica se a altura máxima do board é 50",
              "timedOut": null,
              "duration": 4334,
              "state": "failed",
              "speed": null,
              "pass": false,
              "fail": true,
              "pending": false,
              "context": null,
              "code": "cy.get('#board-size').clear().type(50);\ncy.get('#generate-board').click();\ncy.get('.pixel').should('have.length', 2500);",
              "err": {
                "message": "CypressError: Timed out retrying: Expected to find element: '#board-size', but never found it.",
                "estack": "CypressError: Timed out retrying: Expected to find element: '#board-size', but never found it.\n    at cypressErr (http://localhost:41419/__cypress/runner/cypress_runner.js:149934:9)\n    at throwErr (http://localhost:41419/__cypress/runner/cypress_runner.js:149867:11)\n    at Object.throwErrByPath (http://localhost:41419/__cypress/runner/cypress_runner.js:149915:3)\n    at retry (http://localhost:41419/__cypress/runner/cypress_runner.js:144197:19)\n    at onFailFn (http://localhost:41419/__cypress/runner/cypress_runner.js:132448:16)\n    at tryCatcher (http://localhost:41419/__cypress/runner/cypress_runner.js:167415:23)\n    at Promise._settlePromiseFromHandler (http://localhost:41419/__cypress/runner/cypress_runner.js:165351:31)\n    at Promise._settlePromise (http://localhost:41419/__cypress/runner/cypress_runner.js:165408:18)\n    at Promise._settlePromise0 (http://localhost:41419/__cypress/runner/cypress_runner.js:165453:10)\n    at Promise._settlePromises (http://localhost:41419/__cypress/runner/cypress_runner.js:165528:18)\n    at Async../node_modules/bluebird/js/release/async.js.Async._drainQueue (http://localhost:41419/__cypress/runner/cypress_runner.js:162140:16)\n    at Async../node_modules/bluebird/js/release/async.js.Async._drainQueues (http://localhost:41419/__cypress/runner/cypress_runner.js:162150:10)\n    at Async.drainQueues (http://localhost:41419/__cypress/runner/cypress_runner.js:162024:14)",
                "diff": null
              },
              "uuid": "dec1d762-9126-4265-9735-6cc4eb1d07c2",
              "parentUUID": "1ed95ac1-e01f-42a6-bf18-c50d068c2a8a",
              "isHook": false,
              "skipped": false
            },
            {
              "title": "Verifica se a altura do board é 5 quando um valor menor é colocado no input",
              "fullTitle": "11 - Limite o tamanho mínimo e máximo do board. Verifica se a altura do board é 5 quando um valor menor é colocado no input",
              "timedOut": null,
              "duration": 4415,
              "state": "failed",
              "speed": null,
              "pass": false,
              "fail": true,
              "pending": false,
              "context": null,
              "code": "cy.get('#board-size').clear().type(4);\ncy.get('#generate-board').click();\ncy.get('.pixel').should('have.length', 25);",
              "err": {
                "message": "CypressError: Timed out retrying: Expected to find element: '#board-size', but never found it.",
                "estack": "CypressError: Timed out retrying: Expected to find element: '#board-size', but never found it.\n    at cypressErr (http://localhost:41419/__cypress/runner/cypress_runner.js:149934:9)\n    at throwErr (http://localhost:41419/__cypress/runner/cypress_runner.js:149867:11)\n    at Object.throwErrByPath (http://localhost:41419/__cypress/runner/cypress_runner.js:149915:3)\n    at retry (http://localhost:41419/__cypress/runner/cypress_runner.js:144197:19)\n    at onFailFn (http://localhost:41419/__cypress/runner/cypress_runner.js:132448:16)\n    at tryCatcher (http://localhost:41419/__cypress/runner/cypress_runner.js:167415:23)\n    at Promise._settlePromiseFromHandler (http://localhost:41419/__cypress/runner/cypress_runner.js:165351:31)\n    at Promise._settlePromise (http://localhost:41419/__cypress/runner/cypress_runner.js:165408:18)\n    at Promise._settlePromise0 (http://localhost:41419/__cypress/runner/cypress_runner.js:165453:10)\n    at Promise._settlePromises (http://localhost:41419/__cypress/runner/cypress_runner.js:165528:18)\n    at Async../node_modules/bluebird/js/release/async.js.Async._drainQueue (http://localhost:41419/__cypress/runner/cypress_runner.js:162140:16)\n    at Async../node_modules/bluebird/js/release/async.js.Async._drainQueues (http://localhost:41419/__cypress/runner/cypress_runner.js:162150:10)\n    at Async.drainQueues (http://localhost:41419/__cypress/runner/cypress_runner.js:162024:14)",
                "diff": null
              },
              "uuid": "18fd5510-6494-4df4-9579-20289bc7c287",
              "parentUUID": "1ed95ac1-e01f-42a6-bf18-c50d068c2a8a",
              "isHook": false,
              "skipped": false
            },
            {
              "title": "Verifica se a altura do board é 50 quando um valor maior é colocado no input",
              "fullTitle": "11 - Limite o tamanho mínimo e máximo do board. Verifica se a altura do board é 50 quando um valor maior é colocado no input",
              "timedOut": null,
              "duration": 4369,
              "state": "failed",
              "speed": null,
              "pass": false,
              "fail": true,
              "pending": false,
              "context": null,
              "code": "cy.get('#board-size').clear().type(51);\ncy.get('#generate-board').click();\ncy.get('.pixel').should('have.length', 2500);",
              "err": {
                "message": "CypressError: Timed out retrying: Expected to find element: '#board-size', but never found it.",
                "estack": "CypressError: Timed out retrying: Expected to find element: '#board-size', but never found it.\n    at cypressErr (http://localhost:41419/__cypress/runner/cypress_runner.js:149934:9)\n    at throwErr (http://localhost:41419/__cypress/runner/cypress_runner.js:149867:11)\n    at Object.throwErrByPath (http://localhost:41419/__cypress/runner/cypress_runner.js:149915:3)\n    at retry (http://localhost:41419/__cypress/runner/cypress_runner.js:144197:19)\n    at onFailFn (http://localhost:41419/__cypress/runner/cypress_runner.js:132448:16)\n    at tryCatcher (http://localhost:41419/__cypress/runner/cypress_runner.js:167415:23)\n    at Promise._settlePromiseFromHandler (http://localhost:41419/__cypress/runner/cypress_runner.js:165351:31)\n    at Promise._settlePromise (http://localhost:41419/__cypress/runner/cypress_runner.js:165408:18)\n    at Promise._settlePromise0 (http://localhost:41419/__cypress/runner/cypress_runner.js:165453:10)\n    at Promise._settlePromises (http://localhost:41419/__cypress/runner/cypress_runner.js:165528:18)\n    at Async../node_modules/bluebird/js/release/async.js.Async._drainQueue (http://localhost:41419/__cypress/runner/cypress_runner.js:162140:16)\n    at Async../node_modules/bluebird/js/release/async.js.Async._drainQueues (http://localhost:41419/__cypress/runner/cypress_runner.js:162150:10)\n    at Async.drainQueues (http://localhost:41419/__cypress/runner/cypress_runner.js:162024:14)",
                "diff": null
              },
              "uuid": "a6db26a2-9a4f-431f-b4e4-2e19cab86ab5",
              "parentUUID": "1ed95ac1-e01f-42a6-bf18-c50d068c2a8a",
              "isHook": false,
              "skipped": false
            }
          ],
          "suites": [],
          "passes": [],
          "failures": [
            "dec1d762-9126-4265-9735-6cc4eb1d07c2",
            "18fd5510-6494-4df4-9579-20289bc7c287",
            "a6db26a2-9a4f-431f-b4e4-2e19cab86ab5"
          ],
          "pending": [],
          "skipped": [],
          "duration": 13118,
          "root": false,
          "rootEmpty": false,
          "_timeout": 2000
        },
        {
          "uuid": "894a131c-3460-414e-9eda-732954a0a6b3",
          "title": "12 - Faça com que as cores da paleta sejam geradas aleatoriamente ao carregar a página.",
          "fullFile": "",
          "file": "",
          "beforeHooks": [],
          "afterHooks": [],
          "tests": [
            {
              "title": "Verifica se as cores geradas na paleta são diferentes a cada carregamento da página",
              "fullTitle": "12 - Faça com que as cores da paleta sejam geradas aleatoriamente ao carregar a página. Verifica se as cores geradas na paleta são diferentes a cada carregamento da página",
              "timedOut": null,
              "duration": 484,
              "state": "failed",
              "speed": null,
              "pass": false,
              "fail": true,
              "pending": false,
              "context": null,
              "code": "cy.get('.color').then(function (colors) {\n  var currentColors;\n  var previousColors;\n  previousColors = Array.from(colors).map(function (color) {\n    return Cypress.$(color).css('background-color');\n  });\n  for (var i = 0; i < 5; i += 1) {\n    cy.reload();\n    cy.get('.color').then(function (colors) {\n      currentColors = Array.from(colors).map(function (color) {\n        return Cypress.$(color).css('background-color');\n      });\n      expect(currentColors).not.to.deep.equal(previousColors);\n      previousColors = currentColors;\n    });\n  }\n});",
              "err": {
                "message": "AssertionError: expected [ Array(4) ] to not deeply equal [ Array(4) ]",
                "estack": "AssertionError: expected [ Array(4) ] to not deeply equal [ Array(4) ]\n    at getRet (http://localhost:41419/__cypress/runner/cypress_runner.js:136585:16)\n    at tryCatcher (http://localhost:41419/__cypress/runner/cypress_runner.js:167415:23)\n    at Function.Promise.attempt.Promise.try (http://localhost:41419/__cypress/runner/cypress_runner.js:164690:29)\n    at Context.thenFn (http://localhost:41419/__cypress/runner/cypress_runner.js:136599:23)\n    at Context.then (http://localhost:41419/__cypress/runner/cypress_runner.js:136971:21)\n    at Context.<anonymous> (http://localhost:41419/__cypress/runner/cypress_runner.js:148875:21)\n    at http://localhost:41419/__cypress/runner/cypress_runner.js:148351:33\n    at tryCatcher (http://localhost:41419/__cypress/runner/cypress_runner.js:167415:23)\n    at Promise._settlePromiseFromHandler (http://localhost:41419/__cypress/runner/cypress_runner.js:165351:31)\n    at Promise._settlePromise (http://localhost:41419/__cypress/runner/cypress_runner.js:165408:18)\n    at Promise._settlePromiseCtx (http://localhost:41419/__cypress/runner/cypress_runner.js:165445:10)\n    at Async../node_modules/bluebird/js/release/async.js.Async._drainQueue (http://localhost:41419/__cypress/runner/cypress_runner.js:162145:12)\n    at Async../node_modules/bluebird/js/release/async.js.Async._drainQueues (http://localhost:41419/__cypress/runner/cypress_runner.js:162150:10)\n    at Async.drainQueues (http://localhost:41419/__cypress/runner/cypress_runner.js:162024:14)",
                "diff": ""
              },
              "uuid": "33febb71-d941-4e3d-8fb3-83b651a44b68",
              "parentUUID": "894a131c-3460-414e-9eda-732954a0a6b3",
              "isHook": false,
              "skipped": false
            },
            {
              "title": "Verifica se a cor preta ainda está presente e é a primeira na sua paleta de cores",
              "fullTitle": "12 - Faça com que as cores da paleta sejam geradas aleatoriamente ao carregar a página. Verifica se a cor preta ainda está presente e é a primeira na sua paleta de cores",
              "timedOut": null,
              "duration": 452,
              "state": "failed",
              "speed": null,
              "pass": false,
              "fail": true,
              "pending": false,
              "context": null,
              "code": "cy.get('.color').then(function (colors) {\n  var currentColors;\n  var previousColors;\n  previousColors = Array.from(colors).map(function (color) {\n    return Cypress.$(color).css('background-color');\n  });\n  expect(previousColors[0]).to.eq(BLACK);\n  for (var i = 0; i < 5; i += 1) {\n    cy.reload();\n    cy.get('.color').then(function (colors) {\n      currentColors = Array.from(colors).map(function (color) {\n        return Cypress.$(color).css('background-color');\n      });\n      expect(currentColors[0]).to.eq(BLACK);\n      expect(currentColors).not.to.deep.equal(previousColors);\n      previousColors = currentColors;\n    });\n  }\n});",
              "err": {
                "message": "AssertionError: expected [ Array(4) ] to not deeply equal [ Array(4) ]",
                "estack": "AssertionError: expected [ Array(4) ] to not deeply equal [ Array(4) ]\n    at getRet (http://localhost:41419/__cypress/runner/cypress_runner.js:136585:16)\n    at tryCatcher (http://localhost:41419/__cypress/runner/cypress_runner.js:167415:23)\n    at Function.Promise.attempt.Promise.try (http://localhost:41419/__cypress/runner/cypress_runner.js:164690:29)\n    at Context.thenFn (http://localhost:41419/__cypress/runner/cypress_runner.js:136599:23)\n    at Context.then (http://localhost:41419/__cypress/runner/cypress_runner.js:136971:21)\n    at Context.<anonymous> (http://localhost:41419/__cypress/runner/cypress_runner.js:148875:21)\n    at http://localhost:41419/__cypress/runner/cypress_runner.js:148351:33\n    at tryCatcher (http://localhost:41419/__cypress/runner/cypress_runner.js:167415:23)\n    at Promise._settlePromiseFromHandler (http://localhost:41419/__cypress/runner/cypress_runner.js:165351:31)\n    at Promise._settlePromise (http://localhost:41419/__cypress/runner/cypress_runner.js:165408:18)\n    at Promise._settlePromiseCtx (http://localhost:41419/__cypress/runner/cypress_runner.js:165445:10)\n    at Async../node_modules/bluebird/js/release/async.js.Async._drainQueue (http://localhost:41419/__cypress/runner/cypress_runner.js:162145:12)\n    at Async../node_modules/bluebird/js/release/async.js.Async._drainQueues (http://localhost:41419/__cypress/runner/cypress_runner.js:162150:10)\n    at Async.drainQueues (http://localhost:41419/__cypress/runner/cypress_runner.js:162024:14)",
                "diff": ""
              },
              "uuid": "626c6670-5b7d-45a6-9ec6-993d1b748a7c",
              "parentUUID": "894a131c-3460-414e-9eda-732954a0a6b3",
              "isHook": false,
              "skipped": false
            }
          ],
          "suites": [],
          "passes": [],
          "failures": [
            "33febb71-d941-4e3d-8fb3-83b651a44b68",
            "626c6670-5b7d-45a6-9ec6-993d1b748a7c"
          ],
          "pending": [],
          "skipped": [],
          "duration": 936,
          "root": false,
          "rootEmpty": false,
          "_timeout": 2000
        }
      ],
      "passes": [],
      "failures": [],
      "pending": [],
      "skipped": [],
      "duration": 0,
      "root": true,
      "rootEmpty": true,
      "_timeout": 2000
    }
  ],
  "meta": {
    "mocha": {
      "version": "7.0.1"
    },
    "mochawesome": {
      "options": {
        "quiet": false,
        "reportFilename": "mochawesome",
        "saveHtml": false,
        "saveJson": true,
        "consoleReporter": "spec",
        "useInlineDiffs": false
      },
      "version": "4.1.0"
    },
    "marge": {
      "options": {
        "id": "default",
        "reportDir": "cypress/reports",
        "overwrite": true,
        "html": false,
        "json": true
      },
      "version": "4.1.0"
    }
  }
}